<?xml version="1.0" encoding="UTF-8"?>
<!-- Generated by org.testng.reporters.JUnitReportReporter -->
<testsuite hostname="Keshav" failures="0" tests="1" name="RESTAssured.NewTest" time="2.579" errors="0" timestamp="2021-06-27T06:44:14 IST" skipped="0">
  <testcase classname="RESTAssured.NewTest" name="nextgetRequest" time="2.579"/>
  <system-out/>
</testsuite> <!-- RESTAssured.NewTest -->
