<?xml version="1.0" encoding="UTF-8"?>
<!-- Generated by org.testng.reporters.JUnitReportReporter -->
<testsuite hostname="Keshav" failures="0" tests="1" name="schema_validator.schema_validation" time="2.518" errors="0" timestamp="2021-07-31T07:03:17 IST" skipped="0">
  <testcase classname="schema_validator.schema_validation" name="xml_dtd_schema_validation" time="2.518"/>
  <system-out/>
</testsuite> <!-- schema_validator.schema_validation -->
