<?xml version="1.0" encoding="UTF-8"?>
<!-- Generated by org.testng.reporters.JUnitReportReporter -->
<testsuite hostname="Keshav" failures="0" tests="1" name="RESTAssured_HandlingParameter.Miscellanous" time="1.671" errors="0" timestamp="2021-07-04T06:19:04 IST" skipped="0">
  <testcase classname="RESTAssured_HandlingParameter.Miscellanous" name="response_time" time="1.671"/>
  <system-out/>
</testsuite> <!-- RESTAssured_HandlingParameter.Miscellanous -->
