<?xml version="1.0" encoding="UTF-8"?>
<!-- Generated by org.testng.reporters.JUnitReportReporter -->
<testsuite hostname="Keshav" failures="0" tests="1" name="RESTAssured.XMLValidator" time="2.828" errors="0" timestamp="2021-07-31T06:45:53 IST" skipped="0">
  <testcase classname="RESTAssured.XMLValidator" name="extract_single_value" time="2.828"/>
  <system-out/>
</testsuite> <!-- RESTAssured.XMLValidator -->
