<?xml version="1.0" encoding="UTF-8"?>
<!-- Generated by org.testng.reporters.JUnitReportReporter -->
<testsuite hostname="Keshav" failures="0" tests="1" name="RESTAssured.hamrestmatcher" time="5.582" errors="0" timestamp="2021-08-16T20:28:55 IST" skipped="0">
  <testcase classname="RESTAssured.hamrestmatcher" name="validation" time="5.582"/>
  <system-out/>
</testsuite> <!-- RESTAssured.hamrestmatcher -->
