<?xml version="1.0" encoding="UTF-8"?>
<!-- Generated by org.testng.reporters.JUnitReportReporter -->
<testsuite hostname="Keshav" failures="0" tests="1" name="RESTAssured.staticTest" time="2.178" errors="0" timestamp="2021-07-05T06:11:12 IST" skipped="0">
  <testcase classname="RESTAssured.staticTest" name="eqaulscheck" time="2.178"/>
  <system-out/>
</testsuite> <!-- RESTAssured.staticTest -->
