<?xml version="1.0" encoding="UTF-8"?>
<!-- Generated by org.testng.reporters.JUnitReportReporter -->
<testsuite hostname="Keshav" failures="0" tests="1" name="UnirestAPI.UnirestMapAndRouteParam" time="1.378" errors="0" timestamp="2021-07-05T05:51:35 IST" skipped="0">
  <testcase classname="UnirestAPI.UnirestMapAndRouteParam" name="givenByteStreamWhenUploadedThenCorrect" time="1.378"/>
  <system-out/>
</testsuite> <!-- UnirestAPI.UnirestMapAndRouteParam -->
