<?xml version="1.0" encoding="UTF-8"?>
<!-- Generated by org.testng.reporters.JUnitReportReporter -->
<testsuite hostname="Keshav" failures="0" tests="1" name="RESTAssured_HandlingParameter.Headers" time="2.176" errors="0" timestamp="2021-07-31T07:22:18 IST" skipped="0">
  <testcase classname="RESTAssured_HandlingParameter.Headers" name="Extracting_Headers" time="2.176"/>
  <system-out/>
</testsuite> <!-- RESTAssured_HandlingParameter.Headers -->
