<?xml version="1.0" encoding="UTF-8"?>
<!-- Generated by org.testng.reporters.JUnitReportReporter -->
<testsuite hostname="Keshav" failures="0" tests="1" name="RESTAssured_HandlingParameter.Parameter" time="3.248" errors="0" timestamp="2021-07-31T07:28:30 IST" skipped="0">
  <testcase classname="RESTAssured_HandlingParameter.Parameter" name="Handling_Form_Param" time="3.248"/>
  <system-out/>
</testsuite> <!-- RESTAssured_HandlingParameter.Parameter -->
