<?xml version="1.0" encoding="UTF-8"?>
<!-- Generated by org.testng.reporters.JUnitReportReporter -->
<testsuite hostname="Keshav" failures="0" tests="1" name="UnirestAPI.UnirestSimpleRequest" time="2.092" errors="0" timestamp="2021-07-05T05:39:10 IST" skipped="0">
  <testcase classname="UnirestAPI.UnirestSimpleRequest" name="deleterequest" time="2.092"/>
  <system-out/>
</testsuite> <!-- UnirestAPI.UnirestSimpleRequest -->
