<?xml version="1.0" encoding="UTF-8"?>
<!-- Generated by org.testng.reporters.JUnitReportReporter -->
<testsuite hostname="Keshav" failures="0" tests="1" name="RESTAssured.SimpleTest" time="4.339" errors="0" timestamp="2021-08-16T20:02:31 IST" skipped="0">
  <testcase classname="RESTAssured.SimpleTest" name="putRequest" time="4.339"/>
  <system-out/>
</testsuite> <!-- RESTAssured.SimpleTest -->
